# JRE version: OpenJDK Runtime Environment (17.0.7) (build 17.0.7+0-b2043.56-10550314)
# Java VM: OpenJDK 64-Bit Server VM (17.0.7+0-b2043.56-10550314, mixed mode, tiered, compressed oops, compressed class ptrs, g1 gc, windows-amd64)
GC Precious Log:
 CPUs: 8 total, 8 available
 Memory: 7914M
 Large Page Support: Disabled
 NUMA Support: Disabled
 Compressed Oops: Enabled (Zero based)
 Heap Region Size: 4M
 Heap Min Capacity: 8M
 Heap Initial Capacity: 124M
 Heap Max Capacity: 8G
 Pre-touch: Disabled
 Parallel Workers: 8
 Concurrent Workers: 2
 Concurrent Refinement Workers: 8
 Periodic GC: Disabled
Heap:
 garbage-first heap   total 253952K, used 136272K [0x0000000600000000, 0x0000000800000000)
  region size 4096K, 3 young (12288K), 3 survivors (12288K)
 Metaspace       used 145122K, committed 145984K, reserved 1179648K
  class space    used 18917K, committed 19328K, reserved 1048576K
GC Heap History (20 events):
Event: 26.420 GC heap after
{Heap after GC invocations=33 (full 0):
 garbage-first heap   total 196608K, used 98113K [0x0000000600000000, 0x0000000800000000)
  region size 4096K, 3 young (12288K), 3 survivors (12288K)
 Metaspace       used 129918K, committed 130560K, reserved 1179648K
  class space    used 16870K, committed 17152K, reserved 1048576K
}
Event: 27.442 GC heap before
{Heap before GC invocations=33 (full 0):
 garbage-first heap   total 196608K, used 155457K [0x0000000600000000, 0x0000000800000000)
  region size 4096K, 18 young (73728K), 3 survivors (12288K)
 Metaspace       used 132371K, committed 133056K, reserved 1179648K
  class space    used 17209K, committed 17536K, reserved 1048576K
}
Event: 27.457 GC heap after
{Heap after GC invocations=34 (full 0):
 garbage-first heap   total 196608K, used 105799K [0x0000000600000000, 0x0000000800000000)
  region size 4096K, 3 young (12288K), 3 survivors (12288K)
 Metaspace       used 132371K, committed 133056K, reserved 1179648K
  class space    used 17209K, committed 17536K, reserved 1048576K
}
Event: 27.680 GC heap before
{Heap before GC invocations=34 (full 0):
 garbage-first heap   total 196608K, used 154951K [0x0000000600000000, 0x0000000800000000)
  region size 4096K, 15 young (61440K), 3 survivors (12288K)
 Metaspace       used 132473K, committed 133184K, reserved 1179648K
  class space    used 17209K, committed 17536K, reserved 1048576K
}
Event: 27.695 GC heap after
{Heap after GC invocations=35 (full 0):
 garbage-first heap   total 196608K, used 117016K [0x0000000600000000, 0x0000000800000000)
  region size 4096K, 2 young (8192K), 2 survivors (8192K)
 Metaspace       used 132473K, committed 133184K, reserved 1179648K
  class space    used 17209K, committed 17536K, reserved 1048576K
}
Event: 28.023 GC heap before
{Heap before GC invocations=36 (full 0):
 garbage-first heap   total 253952K, used 153880K [0x0000000600000000, 0x0000000800000000)
  region size 4096K, 11 young (45056K), 2 survivors (8192K)
 Metaspace       used 132550K, committed 133248K, reserved 1179648K
  class space    used 17210K, committed 17536K, reserved 1048576K
}
Event: 28.031 GC heap after
{Heap after GC invocations=37 (full 0):
 garbage-first heap   total 253952K, used 119509K [0x0000000600000000, 0x0000000800000000)
  region size 4096K, 1 young (4096K), 1 survivors (4096K)
 Metaspace       used 132550K, committed 133248K, reserved 1179648K
  class space    used 17210K, committed 17536K, reserved 1048576K
}
Event: 29.701 GC heap before
{Heap before GC invocations=37 (full 0):
 garbage-first heap   total 253952K, used 193237K [0x0000000600000000, 0x0000000800000000)
  region size 4096K, 19 young (77824K), 1 survivors (4096K)
 Metaspace       used 135245K, committed 135936K, reserved 1179648K
  class space    used 17462K, committed 17792K, reserved 1048576K
}
Event: 29.711 GC heap after
{Heap after GC invocations=38 (full 0):
 garbage-first heap   total 253952K, used 128512K [0x0000000600000000, 0x0000000800000000)
  region size 4096K, 3 young (12288K), 3 survivors (12288K)
 Metaspace       used 135245K, committed 135936K, reserved 1179648K
  class space    used 17462K, committed 17792K, reserved 1048576K
}
Event: 31.590 GC heap before
{Heap before GC invocations=39 (full 0):
 garbage-first heap   total 253952K, used 189952K [0x0000000600000000, 0x0000000800000000)
  region size 4096K, 19 young (77824K), 3 survivors (12288K)
 Metaspace       used 139453K, committed 140160K, reserved 1179648K
  class space    used 18202K, committed 18496K, reserved 1048576K
}
Event: 31.602 GC heap after
{Heap after GC invocations=40 (full 0):
 garbage-first heap   total 253952K, used 125553K [0x0000000600000000, 0x0000000800000000)
  region size 4096K, 2 young (8192K), 2 survivors (8192K)
 Metaspace       used 139453K, committed 140160K, reserved 1179648K
  class space    used 18202K, committed 18496K, reserved 1048576K
}
Event: 31.829 GC heap before
{Heap before GC invocations=40 (full 0):
 garbage-first heap   total 253952K, used 129649K [0x0000000600000000, 0x0000000800000000)
  region size 4096K, 3 young (12288K), 2 survivors (8192K)
 Metaspace       used 139814K, committed 140544K, reserved 1179648K
  class space    used 18250K, committed 18560K, reserved 1048576K
}
Event: 31.837 GC heap after
{Heap after GC invocations=41 (full 0):
 garbage-first heap   total 253952K, used 123963K [0x0000000600000000, 0x0000000800000000)
  region size 4096K, 1 young (4096K), 1 survivors (4096K)
 Metaspace       used 139814K, committed 140544K, reserved 1179648K
  class space    used 18250K, committed 18560K, reserved 1048576K
}
Event: 55.030 GC heap before
{Heap before GC invocations=41 (full 0):
 garbage-first heap   total 253952K, used 193595K [0x0000000600000000, 0x0000000800000000)
  region size 4096K, 19 young (77824K), 1 survivors (4096K)
 Metaspace       used 144864K, committed 145600K, reserved 1179648K
  class space    used 18893K, committed 19264K, reserved 1048576K
}
Event: 55.043 GC heap after
{Heap after GC invocations=42 (full 0):
 garbage-first heap   total 253952K, used 130480K [0x0000000600000000, 0x0000000800000000)
  region size 4096K, 2 young (8192K), 2 survivors (8192K)
 Metaspace       used 144864K, committed 145600K, reserved 1179648K
  class space    used 18893K, committed 19264K, reserved 1048576K
}
Event: 56.254 GC heap before
{Heap before GC invocations=43 (full 0):
 garbage-first heap   total 253952K, used 196016K [0x0000000600000000, 0x0000000800000000)
  region size 4096K, 19 young (77824K), 2 survivors (8192K)
 Metaspace       used 144967K, committed 145792K, reserved 1179648K
  class space    used 18897K, committed 19264K, reserved 1048576K
}
Event: 56.270 GC heap after
{Heap after GC invocations=44 (full 0):
 garbage-first heap   total 253952K, used 134436K [0x0000000600000000, 0x0000000800000000)
  region size 4096K, 2 young (8192K), 2 survivors (8192K)
 Metaspace       used 144967K, committed 145792K, reserved 1179648K
  class space    used 18897K, committed 19264K, reserved 1048576K
}
Event: 56.323 GC heap before
{Heap before GC invocations=44 (full 0):
 garbage-first heap   total 253952K, used 138532K [0x0000000600000000, 0x0000000800000000)
  region size 4096K, 3 young (12288K), 2 survivors (8192K)
 Metaspace       used 144967K, committed 145792K, reserved 1179648K
  class space    used 18897K, committed 19264K, reserved 1048576K
}
Event: 56.339 GC heap after
{Heap after GC invocations=45 (full 0):
 garbage-first heap   total 253952K, used 115335K [0x0000000600000000, 0x0000000800000000)
  region size 4096K, 1 young (4096K), 1 survivors (4096K)
 Metaspace       used 144967K, committed 145792K, reserved 1179648K
  class space    used 18897K, committed 19264K, reserved 1048576K
}
Event: 57.329 GC heap before
{Heap before GC invocations=45 (full 0):
 garbage-first heap   total 253952K, used 201351K [0x0000000600000000, 0x0000000800000000)
  region size 4096K, 21 young (86016K), 1 survivors (4096K)
 Metaspace       used 145122K, committed 145984K, reserved 1179648K
  class space    used 18917K, committed 19328K, reserved 1048576K
}

